<?xml version="1.0" encoding="UTF-8"?>
<testng-results ignored="0" total="1" passed="1" failed="0" skipped="0">
  <reporter-output>
  </reporter-output>
  <suite started-at="2023-07-30T23:24:31 PDT" name="Default suite" finished-at="2023-07-30T23:24:55 PDT" duration-ms="24059">
    <groups>
    </groups>
    <test started-at="2023-07-30T23:24:31 PDT" name="Default test" finished-at="2023-07-30T23:24:55 PDT" duration-ms="24059">
      <class name="test.java.Tests.TelusSearchTest">
        <test-method is-config="true" signature="beforeSuite()[pri:0, instance:test.java.Tests.TelusSearchTest@6a28ffa4]" started-at="2023-07-30T23:24:31 PDT" name="beforeSuite" finished-at="2023-07-30T23:24:31 PDT" duration-ms="7" status="PASS">
          <reporter-output>
          </reporter-output>
        </test-method> <!-- beforeSuite -->
        <test-method is-config="true" signature="beforeClass()[pri:0, instance:test.java.Tests.TelusSearchTest@6a28ffa4]" started-at="2023-07-30T23:24:31 PDT" name="beforeClass" finished-at="2023-07-30T23:24:31 PDT" duration-ms="0" status="PASS">
          <reporter-output>
          </reporter-output>
        </test-method> <!-- beforeClass -->
        <test-method is-config="true" signature="beforeMethod()[pri:0, instance:test.java.Tests.TelusSearchTest@6a28ffa4]" started-at="2023-07-30T23:24:31 PDT" name="beforeMethod" finished-at="2023-07-30T23:24:42 PDT" duration-ms="10534" status="PASS">
          <reporter-output>
          </reporter-output>
        </test-method> <!-- beforeMethod -->
        <test-method signature="searchTelusTest()[pri:0, instance:test.java.Tests.TelusSearchTest@6a28ffa4]" started-at="2023-07-30T23:24:42 PDT" name="searchTelusTest" finished-at="2023-07-30T23:24:55 PDT" duration-ms="12720" status="PASS">
          <reporter-output>
          </reporter-output>
        </test-method> <!-- searchTelusTest -->
        <test-method is-config="true" signature="afterMethod()[pri:0, instance:test.java.Tests.TelusSearchTest@6a28ffa4]" started-at="2023-07-30T23:24:55 PDT" name="afterMethod" finished-at="2023-07-30T23:24:55 PDT" duration-ms="774" status="PASS">
          <reporter-output>
          </reporter-output>
        </test-method> <!-- afterMethod -->
        <test-method is-config="true" signature="afterClass()[pri:0, instance:test.java.Tests.TelusSearchTest@6a28ffa4]" started-at="2023-07-30T23:24:55 PDT" name="afterClass" finished-at="2023-07-30T23:24:55 PDT" duration-ms="0" status="PASS">
          <reporter-output>
          </reporter-output>
        </test-method> <!-- afterClass -->
        <test-method is-config="true" signature="afterSuite()[pri:0, instance:test.java.Tests.TelusSearchTest@6a28ffa4]" started-at="2023-07-30T23:24:55 PDT" name="afterSuite" finished-at="2023-07-30T23:24:55 PDT" duration-ms="1" status="PASS">
          <reporter-output>
          </reporter-output>
        </test-method> <!-- afterSuite -->
      </class> <!-- test.java.Tests.TelusSearchTest -->
    </test> <!-- Default test -->
  </suite> <!-- Default suite -->
</testng-results>
